Построение начато 13.10.2022 17:52:30.
     1>Проект "C:\Users\79374\Desktop\llab32\lab32.vcxproj" в узле 2 (целевые объекты build).
     1>InitializeBuildStatus:
         Создание "Debug\lab32.unsuccessfulbuild", так как было задано "AlwaysCreate".
       ClCompile:
         E:\2010\VC\bin\CL.exe /c /ZI /nologo /W3 /WX- /Od /Oy- /D WIN32 /D _DEBUG /D _CONSOLE /D _UNICODE /D UNICODE /Gm /EHsc /RTC1 /MDd /GS /fp:precise /Zc:wchar_t /Zc:forScope /Fo"Debug\\" /Fd"Debug\vc100.pdb" /Gd /TP /analyze- /errorReport:prompt lab32.cpp stdafx.cpp
         stdafx.cpp
         lab32.cpp
         Создание кода...
       ManifestResourceCompile:
         C:\Program Files (x86)\Microsoft SDKs\Windows\v7.0A\bin\rc.exe /nologo /fo"Debug\lab32.exe.embed.manifest.res" Debug\lab32_manifest.rc 
       Link:
         E:\2010\VC\bin\link.exe /ERRORREPORT:PROMPT /OUT:"C:\Users\79374\Desktop\llab32\Debug\lab32.exe" /INCREMENTAL /NOLOGO kernel32.lib user32.lib gdi32.lib winspool.lib comdlg32.lib advapi32.lib shell32.lib ole32.lib oleaut32.lib uuid.lib odbc32.lib odbccp32.lib /MANIFEST /ManifestFile:"Debug\lab32.exe.intermediate.manifest" /MANIFESTUAC:"level='asInvoker' uiAccess='false'" /DEBUG /PDB:"C:\Users\79374\Desktop\llab32\Debug\lab32.pdb" /SUBSYSTEM:CONSOLE /TLBID:1 /DYNAMICBASE /NXCOMPAT /IMPLIB:"C:\Users\79374\Desktop\llab32\Debug\lab32.lib" /MACHINE:X86 Debug\lab32.exe.embed.manifest.res
         Debug\lab32.obj
         Debug\stdafx.obj
       Manifest:
         C:\Program Files (x86)\Microsoft SDKs\Windows\v7.0A\bin\mt.exe /nologo /verbose /out:"Debug\lab32.exe.embed.manifest" /manifest Debug\lab32.exe.intermediate.manifest
         C:\Program Files (x86)\Microsoft SDKs\Windows\v7.0A\bin\rc.exe /nologo /fo"Debug\lab32.exe.embed.manifest.res" Debug\lab32_manifest.rc 
       LinkEmbedManifest:
         E:\2010\VC\bin\link.exe /ERRORREPORT:PROMPT /OUT:"C:\Users\79374\Desktop\llab32\Debug\lab32.exe" /INCREMENTAL /NOLOGO kernel32.lib user32.lib gdi32.lib winspool.lib comdlg32.lib advapi32.lib shell32.lib ole32.lib oleaut32.lib uuid.lib odbc32.lib odbccp32.lib /MANIFEST /ManifestFile:"Debug\lab32.exe.intermediate.manifest" /MANIFESTUAC:"level='asInvoker' uiAccess='false'" /DEBUG /PDB:"C:\Users\79374\Desktop\llab32\Debug\lab32.pdb" /SUBSYSTEM:CONSOLE /TLBID:1 /DYNAMICBASE /NXCOMPAT /IMPLIB:"C:\Users\79374\Desktop\llab32\Debug\lab32.lib" /MACHINE:X86 Debug\lab32.exe.embed.manifest.res
         Debug\lab32.obj
         Debug\stdafx.obj
         lab32.vcxproj -> C:\Users\79374\Desktop\llab32\Debug\lab32.exe
       FinalizeBuildStatus:
         Файл "Debug\lab32.unsuccessfulbuild" удаляется.
         Обращение к "Debug\lab32.lastbuildstate".
     1>Построение проекта "C:\Users\79374\Desktop\llab32\lab32.vcxproj" завершено (целевые объекты build).

Построение успешно завершено.

Затраченное время: 00:00:00.92
